-0.354097524662533
-0.777188844706352
0.296465822580892
-0.518402971199755
-0.156897374259822
0.852259699885160
-0.228259206509744
0.005377523055607
0.234822542062647
0.288132171576699
1.611962549763969
0.609233050526483
0.369614649123734
1.022843336351714
-0.533532388938522
0.333241819666782
-0.923649816281593
1.566855921779770
-0.865274104484323
-1.902020127070221
-0.837979019715195
-0.132284456572287
-1.682735218852240
0.122458238256249
-0.808024471178059
0.106049400032218
-0.307299690267142
-0.363711701018227
-0.213786860347077
0.759525099040227
0.240904587210704
-0.498373246726826
0.812258248047336
0.718298213522037
-0.348727805620551
0.585238572242868
0.824015860356488
0.072279154150295
-0.332589652527831
0.985324700778372
-1.027408594185922
-0.075316464433528
-0.627879670557288
0.173177781558267
1.032219943135057
0.440724217162494
-0.638932197674110
-0.090072052377947
-0.652272797203028
-1.011355854419420
-0.968857620254901
0.809674592190286
0.507124251900847
-0.670770963052461
-1.115482423788278
1.495537990794185
-0.057340767595898
0.192341774519365
1.050792810217393
-1.370992149842307
0.268994727285269
0.236948261579627
0.279537223709377
-0.720415575335852
0.682544920335476
0.569032965066915
-1.208621209494152
0.053270578885935
0.562158239164825
0.050388346430816
-0.557938304810332
-0.608244065570302
-0.169995178123617
-0.610080078461876
0.437047813435543
0.038423773094441
-0.098277278590268
0.083078935248015
-0.159550570503911
1.017722831445213
-0.193119081372706
1.203526320535166
0.549526916407207
0.531763251888642
-0.005475427904399
0.223400408852160
0.022873567503087
-1.394383589069861
0.695609712400523
0.073165771959891
0.566900739704069
1.015457411093388
-0.823500646222682
0.212774313899756
1.452172104017647
0.049239012777518
0.296770312212080
-1.913549608050759
0.879073888146738
-0.005177423491060
