-0.146359
-1.034845
0.608022
-0.146359
-1.034845
0.608022
-0.146359
-1.034845
0.608022
-0.146359
-1.034845
0.608022
-0.146359
-1.034845
0.608022
-0.146359
-1.034845
0.608022
-0.146359
-1.034845
0.608022
-0.146359
-1.034845
0.608022
-0.146359
-1.034845
0.608022
-0.146359
-1.034845
0.608022
-0.146359
-1.034845
0.608022
-0.146359
-1.034845
0.608022
-0.146359
-1.034845
0.608022
-0.146359
-1.034845
0.608022
-0.146359
-1.034845
0.608022
-0.146359
-1.034845
0.608022
-0.146359
-1.034845
0.608022
-0.146359
-1.034845
0.608022
-0.146359
-1.034845
0.608022
-0.146359
-1.034845
0.608022
